2015-05-31 18:07:52,199 [1723539117@qtp-1117185433-0] WARN  org.hibernate.dialect.Oracle9Dialect (Oracle9Dialect.java:69) - HHH000063: The Oracle9Dialect dialect has been deprecated; use either Oracle9iDialect or Oracle10gDialect instead
2015-05-31 18:07:52,205 [1723539117@qtp-1117185433-0] WARN  org.hibernate.dialect.OracleDialect (OracleDialect.java:55) - HHH000064: The OracleDialect dialect has been deprecated; use Oracle8iDialect instead
2015-05-31 18:07:52,266 [1723539117@qtp-1117185433-0] WARN  org.hibernate.cfg.SettingsFactory (SettingsFactory.java:367) - Unrecognized value for "hibernate.hbm2ddl.auto": none
2015-06-01 22:18:40,239 [115025036@qtp-1117185433-0] WARN  org.springframework.web.servlet.DispatcherServlet (DispatcherServlet.java:1110) - No mapping found for HTTP request with URI [/system-web/] in DispatcherServlet with name 'dispatcher'
2015-06-01 22:53:17,047 [1248461002@qtp-1446711308-3] WARN  org.springframework.web.servlet.DispatcherServlet (DispatcherServlet.java:1110) - No mapping found for HTTP request with URI [/system-web/IE8lower/respond.min.js;jsessionid=5e4gz94d3i88wz08yfq82ls0] in DispatcherServlet with name 'dispatcher'
2015-06-01 22:53:17,052 [1455364682@qtp-1446711308-2] WARN  org.springframework.web.servlet.DispatcherServlet (DispatcherServlet.java:1110) - No mapping found for HTTP request with URI [/system-web/IE8lower/html5shiv.js;jsessionid=5e4gz94d3i88wz08yfq82ls0] in DispatcherServlet with name 'dispatcher'
2015-06-01 23:27:00,369 [1446711308@qtp-1423685690-0] WARN  org.springframework.web.servlet.DispatcherServlet (DispatcherServlet.java:1110) - No mapping found for HTTP request with URI [/system-web//assets/css/bootstrap.css] in DispatcherServlet with name 'dispatcher'
2015-06-01 23:27:00,373 [2112173259@qtp-1423685690-3] WARN  org.springframework.web.servlet.DispatcherServlet (DispatcherServlet.java:1110) - No mapping found for HTTP request with URI [/system-web//assets/css/docs.css] in DispatcherServlet with name 'dispatcher'
2015-06-01 23:27:00,372 [979781372@qtp-1423685690-2] WARN  org.springframework.web.servlet.DispatcherServlet (DispatcherServlet.java:1110) - No mapping found for HTTP request with URI [/system-web//assets/css/bootstrap-responsive.css] in DispatcherServlet with name 'dispatcher'
2015-06-01 23:27:00,378 [1446711308@qtp-1423685690-0] WARN  org.springframework.web.servlet.DispatcherServlet (DispatcherServlet.java:1110) - No mapping found for HTTP request with URI [/system-web//assets/js/google-code-prettify/prettify.css] in DispatcherServlet with name 'dispatcher'
2015-06-01 23:27:00,381 [1446711308@qtp-1423685690-0] WARN  org.springframework.web.servlet.DispatcherServlet (DispatcherServlet.java:1110) - No mapping found for HTTP request with URI [/system-web//assets/img/home-banner-bg3.jpg] in DispatcherServlet with name 'dispatcher'
2015-06-01 23:27:00,384 [1446711308@qtp-1423685690-0] WARN  org.springframework.web.servlet.DispatcherServlet (DispatcherServlet.java:1110) - No mapping found for HTTP request with URI [/system-web//assets/img/home-banner-bg.jpg] in DispatcherServlet with name 'dispatcher'
2015-06-01 23:27:00,384 [979781372@qtp-1423685690-2] WARN  org.springframework.web.servlet.DispatcherServlet (DispatcherServlet.java:1110) - No mapping found for HTTP request with URI [/system-web//assets/img/home-banner-bg2.jpg] in DispatcherServlet with name 'dispatcher'
2015-06-01 23:27:00,384 [1983122588@qtp-1423685690-4] WARN  org.springframework.web.servlet.DispatcherServlet (DispatcherServlet.java:1110) - No mapping found for HTTP request with URI [/system-web//assets/img/Logo.png] in DispatcherServlet with name 'dispatcher'
2015-06-01 23:27:00,394 [1043390835@qtp-1423685690-7] WARN  org.springframework.web.servlet.DispatcherServlet (DispatcherServlet.java:1110) - No mapping found for HTTP request with URI [/system-web/assets/img/think-creative.png] in DispatcherServlet with name 'dispatcher'
2015-06-01 23:27:00,396 [1547627187@qtp-1423685690-6] WARN  org.springframework.web.servlet.DispatcherServlet (DispatcherServlet.java:1110) - No mapping found for HTTP request with URI [/system-web/assets/img/responsive.png] in DispatcherServlet with name 'dispatcher'
2015-06-01 23:27:00,398 [126139945@qtp-1423685690-5] WARN  org.springframework.web.servlet.DispatcherServlet (DispatcherServlet.java:1110) - No mapping found for HTTP request with URI [/system-web/assets/img/slidedot-active.png] in DispatcherServlet with name 'dispatcher'
2015-06-01 23:27:00,399 [1983122588@qtp-1423685690-4] WARN  org.springframework.web.servlet.DispatcherServlet (DispatcherServlet.java:1110) - No mapping found for HTTP request with URI [/system-web/assets/img/slidedot.png] in DispatcherServlet with name 'dispatcher'
2015-06-01 23:27:00,399 [1446711308@qtp-1423685690-0] WARN  org.springframework.web.servlet.DispatcherServlet (DispatcherServlet.java:1110) - No mapping found for HTTP request with URI [/system-web/assets/js/jquery.js] in DispatcherServlet with name 'dispatcher'
2015-06-01 23:27:00,401 [1547627187@qtp-1423685690-6] WARN  org.springframework.web.servlet.DispatcherServlet (DispatcherServlet.java:1110) - No mapping found for HTTP request with URI [/system-web/assets/js/google-code-prettify/prettify.js] in DispatcherServlet with name 'dispatcher'
2015-06-01 23:27:00,403 [1043390835@qtp-1423685690-7] WARN  org.springframework.web.servlet.DispatcherServlet (DispatcherServlet.java:1110) - No mapping found for HTTP request with URI [/system-web/assets/img/core-values.png] in DispatcherServlet with name 'dispatcher'
2015-06-01 23:27:00,405 [979781372@qtp-1423685690-2] WARN  org.springframework.web.servlet.DispatcherServlet (DispatcherServlet.java:1110) - No mapping found for HTTP request with URI [/system-web/assets/js/bootstrap-transition.js] in DispatcherServlet with name 'dispatcher'
2015-06-01 23:27:00,410 [1547627187@qtp-1423685690-6] WARN  org.springframework.web.servlet.DispatcherServlet (DispatcherServlet.java:1110) - No mapping found for HTTP request with URI [/system-web/assets/js/bootstrap-alert.js] in DispatcherServlet with name 'dispatcher'
2015-06-01 23:27:00,410 [1983122588@qtp-1423685690-4] WARN  org.springframework.web.servlet.DispatcherServlet (DispatcherServlet.java:1110) - No mapping found for HTTP request with URI [/system-web/assets/js/bootstrap-dropdown.js] in DispatcherServlet with name 'dispatcher'
2015-06-01 23:27:00,411 [1043390835@qtp-1423685690-7] WARN  org.springframework.web.servlet.DispatcherServlet (DispatcherServlet.java:1110) - No mapping found for HTTP request with URI [/system-web/assets/js/bootstrap-tab.js] in DispatcherServlet with name 'dispatcher'
2015-06-01 23:27:00,412 [126139945@qtp-1423685690-5] WARN  org.springframework.web.servlet.DispatcherServlet (DispatcherServlet.java:1110) - No mapping found for HTTP request with URI [/system-web/assets/js/bootstrap-scrollspy.js] in DispatcherServlet with name 'dispatcher'
2015-06-01 23:27:00,416 [1043390835@qtp-1423685690-7] WARN  org.springframework.web.servlet.DispatcherServlet (DispatcherServlet.java:1110) - No mapping found for HTTP request with URI [/system-web/assets/js/bootstrap-popover.js] in DispatcherServlet with name 'dispatcher'
2015-06-01 23:27:00,418 [1446711308@qtp-1423685690-0] WARN  org.springframework.web.servlet.DispatcherServlet (DispatcherServlet.java:1110) - No mapping found for HTTP request with URI [/system-web/assets/js/bootstrap-modal.js] in DispatcherServlet with name 'dispatcher'
2015-06-01 23:27:00,419 [1547627187@qtp-1423685690-6] WARN  org.springframework.web.servlet.DispatcherServlet (DispatcherServlet.java:1110) - No mapping found for HTTP request with URI [/system-web/assets/js/bootstrap-button.js] in DispatcherServlet with name 'dispatcher'
2015-06-01 23:27:00,419 [126139945@qtp-1423685690-5] WARN  org.springframework.web.servlet.DispatcherServlet (DispatcherServlet.java:1110) - No mapping found for HTTP request with URI [/system-web/assets/js/bootstrap-carousel.js] in DispatcherServlet with name 'dispatcher'
2015-06-01 23:27:00,420 [1983122588@qtp-1423685690-4] WARN  org.springframework.web.servlet.DispatcherServlet (DispatcherServlet.java:1110) - No mapping found for HTTP request with URI [/system-web/assets/js/bootstrap-typeahead.js] in DispatcherServlet with name 'dispatcher'
2015-06-01 23:27:00,421 [979781372@qtp-1423685690-2] WARN  org.springframework.web.servlet.DispatcherServlet (DispatcherServlet.java:1110) - No mapping found for HTTP request with URI [/system-web/assets/js/bootstrap-collapse.js] in DispatcherServlet with name 'dispatcher'
2015-06-01 23:27:00,423 [1043390835@qtp-1423685690-7] WARN  org.springframework.web.servlet.DispatcherServlet (DispatcherServlet.java:1110) - No mapping found for HTTP request with URI [/system-web/assets/js/bootstrap-tooltip.js] in DispatcherServlet with name 'dispatcher'
2015-06-01 23:27:00,423 [979781372@qtp-1423685690-2] WARN  org.springframework.web.servlet.DispatcherServlet (DispatcherServlet.java:1110) - No mapping found for HTTP request with URI [/system-web/assets/js/bootstrap-affix.js] in DispatcherServlet with name 'dispatcher'
2015-06-01 23:27:00,424 [1983122588@qtp-1423685690-4] WARN  org.springframework.web.servlet.DispatcherServlet (DispatcherServlet.java:1110) - No mapping found for HTTP request with URI [/system-web/assets/js/application.js] in DispatcherServlet with name 'dispatcher'
2015-06-01 23:27:00,426 [1446711308@qtp-1423685690-0] WARN  org.springframework.web.servlet.DispatcherServlet (DispatcherServlet.java:1110) - No mapping found for HTTP request with URI [/system-web/assets/js/superfish.js] in DispatcherServlet with name 'dispatcher'
2015-06-01 23:27:00,427 [1983122588@qtp-1423685690-4] WARN  org.springframework.web.servlet.DispatcherServlet (DispatcherServlet.java:1110) - No mapping found for HTTP request with URI [/system-web/assets/js/custom.js] in DispatcherServlet with name 'dispatcher'
2015-06-01 23:27:00,597 [1983122588@qtp-1423685690-4] WARN  org.springframework.web.servlet.DispatcherServlet (DispatcherServlet.java:1110) - No mapping found for HTTP request with URI [/system-web//assets/ico/favicon.ico] in DispatcherServlet with name 'dispatcher'
2015-06-01 23:27:00,680 [1983122588@qtp-1423685690-4] WARN  org.springframework.web.servlet.DispatcherServlet (DispatcherServlet.java:1110) - No mapping found for HTTP request with URI [/system-web/assets/js/google-code-prettify/prettify.js] in DispatcherServlet with name 'dispatcher'
2015-06-01 23:27:00,681 [1446711308@qtp-1423685690-0] WARN  org.springframework.web.servlet.DispatcherServlet (DispatcherServlet.java:1110) - No mapping found for HTTP request with URI [/system-web//assets/ico/favicon.ico] in DispatcherServlet with name 'dispatcher'
2015-06-01 23:27:00,713 [1446711308@qtp-1423685690-0] WARN  org.springframework.web.servlet.DispatcherServlet (DispatcherServlet.java:1110) - No mapping found for HTTP request with URI [/system-web/assets/js/bootstrap-transition.js] in DispatcherServlet with name 'dispatcher'
2015-06-01 23:27:00,727 [1446711308@qtp-1423685690-0] WARN  org.springframework.web.servlet.DispatcherServlet (DispatcherServlet.java:1110) - No mapping found for HTTP request with URI [/system-web/assets/js/bootstrap-alert.js] in DispatcherServlet with name 'dispatcher'
2015-06-01 23:27:00,765 [1446711308@qtp-1423685690-0] WARN  org.springframework.web.servlet.DispatcherServlet (DispatcherServlet.java:1110) - No mapping found for HTTP request with URI [/system-web/assets/js/bootstrap-modal.js] in DispatcherServlet with name 'dispatcher'
2015-06-01 23:27:00,779 [1446711308@qtp-1423685690-0] WARN  org.springframework.web.servlet.DispatcherServlet (DispatcherServlet.java:1110) - No mapping found for HTTP request with URI [/system-web/assets/js/bootstrap-dropdown.js] in DispatcherServlet with name 'dispatcher'
2015-06-01 23:27:00,822 [1446711308@qtp-1423685690-0] WARN  org.springframework.web.servlet.DispatcherServlet (DispatcherServlet.java:1110) - No mapping found for HTTP request with URI [/system-web/assets/js/bootstrap-scrollspy.js] in DispatcherServlet with name 'dispatcher'
2015-06-01 23:27:00,842 [1446711308@qtp-1423685690-0] WARN  org.springframework.web.servlet.DispatcherServlet (DispatcherServlet.java:1110) - No mapping found for HTTP request with URI [/system-web/assets/js/bootstrap-tab.js] in DispatcherServlet with name 'dispatcher'
2015-06-01 23:27:00,853 [1446711308@qtp-1423685690-0] WARN  org.springframework.web.servlet.DispatcherServlet (DispatcherServlet.java:1110) - No mapping found for HTTP request with URI [/system-web/assets/js/bootstrap-tooltip.js] in DispatcherServlet with name 'dispatcher'
2015-06-01 23:27:00,863 [1446711308@qtp-1423685690-0] WARN  org.springframework.web.servlet.DispatcherServlet (DispatcherServlet.java:1110) - No mapping found for HTTP request with URI [/system-web/assets/js/bootstrap-popover.js] in DispatcherServlet with name 'dispatcher'
2015-06-01 23:27:00,897 [1446711308@qtp-1423685690-0] WARN  org.springframework.web.servlet.DispatcherServlet (DispatcherServlet.java:1110) - No mapping found for HTTP request with URI [/system-web/assets/js/bootstrap-button.js] in DispatcherServlet with name 'dispatcher'
2015-06-01 23:27:00,909 [1446711308@qtp-1423685690-0] WARN  org.springframework.web.servlet.DispatcherServlet (DispatcherServlet.java:1110) - No mapping found for HTTP request with URI [/system-web/assets/js/bootstrap-collapse.js] in DispatcherServlet with name 'dispatcher'
2015-06-01 23:27:00,945 [1446711308@qtp-1423685690-0] WARN  org.springframework.web.servlet.DispatcherServlet (DispatcherServlet.java:1110) - No mapping found for HTTP request with URI [/system-web/assets/js/bootstrap-carousel.js] in DispatcherServlet with name 'dispatcher'
2015-06-01 23:27:00,954 [1446711308@qtp-1423685690-0] WARN  org.springframework.web.servlet.DispatcherServlet (DispatcherServlet.java:1110) - No mapping found for HTTP request with URI [/system-web/assets/js/bootstrap-typeahead.js] in DispatcherServlet with name 'dispatcher'
2015-06-01 23:27:00,971 [1446711308@qtp-1423685690-0] WARN  org.springframework.web.servlet.DispatcherServlet (DispatcherServlet.java:1110) - No mapping found for HTTP request with URI [/system-web/assets/js/bootstrap-affix.js] in DispatcherServlet with name 'dispatcher'
2015-06-01 23:27:00,990 [1446711308@qtp-1423685690-0] WARN  org.springframework.web.servlet.DispatcherServlet (DispatcherServlet.java:1110) - No mapping found for HTTP request with URI [/system-web/assets/js/application.js] in DispatcherServlet with name 'dispatcher'
2015-06-01 23:27:01,009 [1446711308@qtp-1423685690-0] WARN  org.springframework.web.servlet.DispatcherServlet (DispatcherServlet.java:1110) - No mapping found for HTTP request with URI [/system-web/assets/js/superfish.js] in DispatcherServlet with name 'dispatcher'
2015-06-01 23:27:01,034 [1446711308@qtp-1423685690-0] WARN  org.springframework.web.servlet.DispatcherServlet (DispatcherServlet.java:1110) - No mapping found for HTTP request with URI [/system-web/assets/js/custom.js] in DispatcherServlet with name 'dispatcher'
2015-06-01 23:27:11,289 [1446711308@qtp-1423685690-0] WARN  org.springframework.web.servlet.DispatcherServlet (DispatcherServlet.java:1110) - No mapping found for HTTP request with URI [/system-web//assets/img/home-banner-bg.jpg] in DispatcherServlet with name 'dispatcher'
2015-06-01 23:27:11,345 [1446711308@qtp-1423685690-0] WARN  org.springframework.web.servlet.DispatcherServlet (DispatcherServlet.java:1110) - No mapping found for HTTP request with URI [/system-web//assets/img/home-banner-bg2.jpg] in DispatcherServlet with name 'dispatcher'
2015-06-01 23:27:11,491 [1446711308@qtp-1423685690-0] WARN  org.springframework.web.servlet.DispatcherServlet (DispatcherServlet.java:1110) - No mapping found for HTTP request with URI [/system-web//assets/img/home-banner-bg.jpg] in DispatcherServlet with name 'dispatcher'
2015-06-01 23:27:12,219 [1446711308@qtp-1423685690-0] WARN  org.springframework.web.servlet.DispatcherServlet (DispatcherServlet.java:1110) - No mapping found for HTTP request with URI [/system-web//assets/img/home-banner-bg.jpg] in DispatcherServlet with name 'dispatcher'
2015-06-01 23:27:12,221 [1983122588@qtp-1423685690-4] WARN  org.springframework.web.servlet.DispatcherServlet (DispatcherServlet.java:1110) - No mapping found for HTTP request with URI [/system-web//assets/img/home-banner-bg2.jpg] in DispatcherServlet with name 'dispatcher'
2015-06-01 23:27:12,250 [1983122588@qtp-1423685690-4] WARN  org.springframework.web.servlet.DispatcherServlet (DispatcherServlet.java:1110) - No mapping found for HTTP request with URI [/system-web//assets/img/home-banner-bg3.jpg] in DispatcherServlet with name 'dispatcher'
2015-06-01 23:27:12,335 [1983122588@qtp-1423685690-4] WARN  org.springframework.web.servlet.DispatcherServlet (DispatcherServlet.java:1110) - No mapping found for HTTP request with URI [/system-web//assets/img/Logo.png] in DispatcherServlet with name 'dispatcher'
2015-06-01 23:27:12,379 [1983122588@qtp-1423685690-4] WARN  org.springframework.web.servlet.DispatcherServlet (DispatcherServlet.java:1110) - No mapping found for HTTP request with URI [/system-web/assets/img/slidedot-active.png] in DispatcherServlet with name 'dispatcher'
2015-06-01 23:27:12,523 [1983122588@qtp-1423685690-4] WARN  org.springframework.web.servlet.DispatcherServlet (DispatcherServlet.java:1110) - No mapping found for HTTP request with URI [/system-web/assets/img/slidedot.png] in DispatcherServlet with name 'dispatcher'
2015-06-01 23:27:12,704 [1983122588@qtp-1423685690-4] WARN  org.springframework.web.servlet.DispatcherServlet (DispatcherServlet.java:1110) - No mapping found for HTTP request with URI [/system-web/assets/img/responsive.png] in DispatcherServlet with name 'dispatcher'
2015-06-01 23:27:13,171 [1983122588@qtp-1423685690-4] WARN  org.springframework.web.servlet.DispatcherServlet (DispatcherServlet.java:1110) - No mapping found for HTTP request with URI [/system-web/assets/img/think-creative.png] in DispatcherServlet with name 'dispatcher'
2015-06-01 23:27:16,036 [1983122588@qtp-1423685690-4] WARN  org.springframework.web.servlet.DispatcherServlet (DispatcherServlet.java:1110) - No mapping found for HTTP request with URI [/system-web/assets/img/core-values.png] in DispatcherServlet with name 'dispatcher'
2015-06-01 23:29:13,134 [1067102222@qtp-622596956-0] WARN  org.springframework.web.servlet.DispatcherServlet (DispatcherServlet.java:1110) - No mapping found for HTTP request with URI [/system-web//work.html] in DispatcherServlet with name 'dispatcher'
2015-06-01 23:36:34,349 [1355334584@qtp-622596956-11] WARN  org.springframework.web.servlet.DispatcherServlet (DispatcherServlet.java:1110) - No mapping found for HTTP request with URI [/system-web/;jsessionid=1xp0ot1z4b6faer8i5nnrs8bzassets/css/bootstrap.css] in DispatcherServlet with name 'dispatcher'
2015-06-01 23:36:34,373 [85338809@qtp-622596956-12] WARN  org.springframework.web.servlet.DispatcherServlet (DispatcherServlet.java:1110) - No mapping found for HTTP request with URI [/system-web/;jsessionid=1xp0ot1z4b6faer8i5nnrs8bzassets/css/bootstrap-responsive.css] in DispatcherServlet with name 'dispatcher'
2015-06-01 23:36:34,380 [85338809@qtp-622596956-12] WARN  org.springframework.web.servlet.DispatcherServlet (DispatcherServlet.java:1110) - No mapping found for HTTP request with URI [/system-web/;jsessionid=1xp0ot1z4b6faer8i5nnrs8bzassets/css/docs.css] in DispatcherServlet with name 'dispatcher'
2015-06-01 23:36:34,380 [1355334584@qtp-622596956-11] WARN  org.springframework.web.servlet.DispatcherServlet (DispatcherServlet.java:1110) - No mapping found for HTTP request with URI [/system-web/;jsessionid=1xp0ot1z4b6faer8i5nnrs8bzassets/js/google-code-prettify/prettify.css] in DispatcherServlet with name 'dispatcher'
2015-06-01 23:36:34,472 [1355334584@qtp-622596956-11] WARN  org.springframework.web.servlet.DispatcherServlet (DispatcherServlet.java:1110) - No mapping found for HTTP request with URI [/system-web/;jsessionid=1xp0ot1z4b6faer8i5nnrs8bzassets/img/home-banner-bg.jpg] in DispatcherServlet with name 'dispatcher'
2015-06-01 23:36:34,511 [1355334584@qtp-622596956-11] WARN  org.springframework.web.servlet.DispatcherServlet (DispatcherServlet.java:1110) - No mapping found for HTTP request with URI [/system-web/;jsessionid=1xp0ot1z4b6faer8i5nnrs8bzassets/img/home-banner-bg2.jpg] in DispatcherServlet with name 'dispatcher'
2015-06-01 23:36:34,519 [1355334584@qtp-622596956-11] WARN  org.springframework.web.servlet.DispatcherServlet (DispatcherServlet.java:1110) - No mapping found for HTTP request with URI [/system-web/;jsessionid=1xp0ot1z4b6faer8i5nnrs8bzassets/img/home-banner-bg3.jpg] in DispatcherServlet with name 'dispatcher'
2015-06-01 23:36:34,526 [85338809@qtp-622596956-12] WARN  org.springframework.web.servlet.DispatcherServlet (DispatcherServlet.java:1110) - No mapping found for HTTP request with URI [/system-web/;jsessionid=1xp0ot1z4b6faer8i5nnrs8bzassets/img/Logo.png] in DispatcherServlet with name 'dispatcher'
2015-06-01 23:36:36,361 [85338809@qtp-622596956-12] WARN  org.springframework.web.servlet.DispatcherServlet (DispatcherServlet.java:1110) - No mapping found for HTTP request with URI [/system-web/;jsessionid=1xp0ot1z4b6faer8i5nnrs8bzassets/ico/favicon.ico] in DispatcherServlet with name 'dispatcher'
2015-06-01 23:36:40,124 [85338809@qtp-622596956-12] WARN  org.springframework.web.servlet.DispatcherServlet (DispatcherServlet.java:1110) - No mapping found for HTTP request with URI [/system-web/;jsessionid=1xp0ot1z4b6faer8i5nnrs8bzassets/ico/apple-touch-icon-144-precomposed.png] in DispatcherServlet with name 'dispatcher'
2015-06-01 23:46:25,447 [117265929@qtp-622596956-15] WARN  org.springframework.web.servlet.DispatcherServlet (DispatcherServlet.java:1110) - No mapping found for HTTP request with URI [/system-web/work.html] in DispatcherServlet with name 'dispatcher'
2015-06-01 23:47:17,405 [117265929@qtp-622596956-15] WARN  org.springframework.web.servlet.DispatcherServlet (DispatcherServlet.java:1110) - No mapping found for HTTP request with URI [/system-web/index.html] in DispatcherServlet with name 'dispatcher'
2015-06-01 23:48:52,790 [117265929@qtp-622596956-15] WARN  org.springframework.web.servlet.DispatcherServlet (DispatcherServlet.java:1110) - No mapping found for HTTP request with URI [/system-web/blog.html] in DispatcherServlet with name 'dispatcher'
2015-06-01 23:48:59,029 [117265929@qtp-622596956-15] WARN  org.springframework.web.servlet.DispatcherServlet (DispatcherServlet.java:1110) - No mapping found for HTTP request with URI [/system-web/work.html] in DispatcherServlet with name 'dispatcher'
2015-06-01 23:50:20,500 [117265929@qtp-622596956-15] WARN  org.springframework.web.servlet.DispatcherServlet (DispatcherServlet.java:1110) - No mapping found for HTTP request with URI [/system-web/work.html] in DispatcherServlet with name 'dispatcher'
2015-06-01 23:50:30,693 [117265929@qtp-622596956-15] WARN  org.springframework.web.servlet.DispatcherServlet (DispatcherServlet.java:1110) - No mapping found for HTTP request with URI [/system-web/work-two-columns.html] in DispatcherServlet with name 'dispatcher'
2015-06-01 23:51:43,023 [117265929@qtp-622596956-15] WARN  org.springframework.web.servlet.DispatcherServlet (DispatcherServlet.java:1110) - No mapping found for HTTP request with URI [/system-web/work.html] in DispatcherServlet with name 'dispatcher'
2015-06-02 00:05:49,838 [1728794724@qtp-1828211466-6] WARN  org.springframework.web.servlet.DispatcherServlet (DispatcherServlet.java:1110) - No mapping found for HTTP request with URI [/system-web/0] in DispatcherServlet with name 'dispatcher'
2015-06-02 00:05:58,508 [1728794724@qtp-1828211466-6] WARN  org.springframework.web.servlet.DispatcherServlet (DispatcherServlet.java:1110) - No mapping found for HTTP request with URI [/system-web/0] in DispatcherServlet with name 'dispatcher'
2015-06-02 00:08:30,795 [1423685690@qtp-831667365-0] WARN  org.springframework.web.servlet.DispatcherServlet (DispatcherServlet.java:1110) - No mapping found for HTTP request with URI [/system-web/work/assets/img/Logodark.png] in DispatcherServlet with name 'dispatcher'
2015-06-02 00:08:30,803 [1423685690@qtp-831667365-0] WARN  org.springframework.web.servlet.DispatcherServlet (DispatcherServlet.java:1110) - No mapping found for HTTP request with URI [/system-web/work/assets/img/work8.jpg] in DispatcherServlet with name 'dispatcher'
2015-06-02 00:08:30,808 [316652221@qtp-831667365-2] WARN  org.springframework.web.servlet.DispatcherServlet (DispatcherServlet.java:1110) - No mapping found for HTTP request with URI [/system-web/work/assets/img/work3.jpg] in DispatcherServlet with name 'dispatcher'
2015-06-02 00:08:30,812 [1634151425@qtp-831667365-3] WARN  org.springframework.web.servlet.DispatcherServlet (DispatcherServlet.java:1110) - No mapping found for HTTP request with URI [/system-web/work/assets/img/work1.jpg] in DispatcherServlet with name 'dispatcher'
2015-06-02 00:08:30,813 [1644859961@qtp-831667365-6] WARN  org.springframework.web.servlet.DispatcherServlet (DispatcherServlet.java:1110) - No mapping found for HTTP request with URI [/system-web/work/assets/img/work4.jpg] in DispatcherServlet with name 'dispatcher'
2015-06-02 00:08:30,813 [103967896@qtp-831667365-4] WARN  org.springframework.web.servlet.DispatcherServlet (DispatcherServlet.java:1110) - No mapping found for HTTP request with URI [/system-web/work/assets/img/work6.jpg] in DispatcherServlet with name 'dispatcher'
2015-06-02 00:08:30,815 [1423685690@qtp-831667365-0] WARN  org.springframework.web.servlet.DispatcherServlet (DispatcherServlet.java:1110) - No mapping found for HTTP request with URI [/system-web/work/assets/img/work2.jpg] in DispatcherServlet with name 'dispatcher'
2015-06-02 00:08:30,819 [1570832144@qtp-831667365-5] WARN  org.springframework.web.servlet.DispatcherServlet (DispatcherServlet.java:1110) - No mapping found for HTTP request with URI [/system-web/work/assets/img/work7.jpg] in DispatcherServlet with name 'dispatcher'
2015-06-02 00:08:42,912 [1570832144@qtp-831667365-5] WARN  org.springframework.web.servlet.DispatcherServlet (DispatcherServlet.java:1110) - No mapping found for HTTP request with URI [/system-web/work/assets/img/work4.jpg] in DispatcherServlet with name 'dispatcher'
2015-06-02 00:08:56,891 [316652221@qtp-831667365-2] WARN  org.springframework.web.servlet.DispatcherServlet (DispatcherServlet.java:1110) - No mapping found for HTTP request with URI [/system-web/work/assets/img/Logodark.png] in DispatcherServlet with name 'dispatcher'
2015-06-02 00:08:56,893 [103967896@qtp-831667365-4] WARN  org.springframework.web.servlet.DispatcherServlet (DispatcherServlet.java:1110) - No mapping found for HTTP request with URI [/system-web/work/assets/img/work8.jpg] in DispatcherServlet with name 'dispatcher'
2015-06-02 00:08:56,895 [316652221@qtp-831667365-2] WARN  org.springframework.web.servlet.DispatcherServlet (DispatcherServlet.java:1110) - No mapping found for HTTP request with URI [/system-web/work/assets/img/work3.jpg] in DispatcherServlet with name 'dispatcher'
2015-06-02 00:08:56,896 [103967896@qtp-831667365-4] WARN  org.springframework.web.servlet.DispatcherServlet (DispatcherServlet.java:1110) - No mapping found for HTTP request with URI [/system-web/work/assets/img/work1.jpg] in DispatcherServlet with name 'dispatcher'
2015-06-02 00:08:56,899 [316652221@qtp-831667365-2] WARN  org.springframework.web.servlet.DispatcherServlet (DispatcherServlet.java:1110) - No mapping found for HTTP request with URI [/system-web/work/assets/img/work2.jpg] in DispatcherServlet with name 'dispatcher'
2015-06-02 00:08:56,901 [103967896@qtp-831667365-4] WARN  org.springframework.web.servlet.DispatcherServlet (DispatcherServlet.java:1110) - No mapping found for HTTP request with URI [/system-web/work/assets/img/work6.jpg] in DispatcherServlet with name 'dispatcher'
2015-06-02 00:08:56,904 [1634151425@qtp-831667365-3] WARN  org.springframework.web.servlet.DispatcherServlet (DispatcherServlet.java:1110) - No mapping found for HTTP request with URI [/system-web/work/assets/img/work7.jpg] in DispatcherServlet with name 'dispatcher'
2015-06-02 00:08:56,903 [1570832144@qtp-831667365-5] WARN  org.springframework.web.servlet.DispatcherServlet (DispatcherServlet.java:1110) - No mapping found for HTTP request with URI [/system-web/work/assets/img/work4.jpg] in DispatcherServlet with name 'dispatcher'
2015-06-02 00:08:58,310 [1570832144@qtp-831667365-5] WARN  org.springframework.web.servlet.DispatcherServlet (DispatcherServlet.java:1110) - No mapping found for HTTP request with URI [/system-web/work/assets/img/Logodark.png] in DispatcherServlet with name 'dispatcher'
2015-06-02 00:09:02,153 [1570832144@qtp-831667365-5] WARN  org.springframework.web.servlet.DispatcherServlet (DispatcherServlet.java:1110) - No mapping found for HTTP request with URI [/system-web/work/assets/img/work8.jpg] in DispatcherServlet with name 'dispatcher'
2015-06-02 00:09:06,684 [1570832144@qtp-831667365-5] WARN  org.springframework.web.servlet.DispatcherServlet (DispatcherServlet.java:1110) - No mapping found for HTTP request with URI [/system-web/work/assets/img/work3.jpg] in DispatcherServlet with name 'dispatcher'
2015-06-02 00:09:09,560 [1570832144@qtp-831667365-5] WARN  org.springframework.web.servlet.DispatcherServlet (DispatcherServlet.java:1110) - No mapping found for HTTP request with URI [/system-web/work/assets/img/work1.jpg] in DispatcherServlet with name 'dispatcher'
2015-06-02 00:09:09,734 [1570832144@qtp-831667365-5] WARN  org.springframework.web.servlet.DispatcherServlet (DispatcherServlet.java:1110) - No mapping found for HTTP request with URI [/system-web/work/assets/img/work4.jpg] in DispatcherServlet with name 'dispatcher'
2015-06-02 00:09:09,735 [316652221@qtp-831667365-2] WARN  org.springframework.web.servlet.DispatcherServlet (DispatcherServlet.java:1110) - No mapping found for HTTP request with URI [/system-web/work/assets/img/work7.jpg] in DispatcherServlet with name 'dispatcher'
2015-06-02 00:10:17,537 [1570832144@qtp-831667365-5] WARN  org.springframework.web.servlet.DispatcherServlet (DispatcherServlet.java:1110) - No mapping found for HTTP request with URI [/system-web/work/assets/img/work7.jpg] in DispatcherServlet with name 'dispatcher'
2015-06-02 00:10:17,539 [1570832144@qtp-831667365-5] WARN  org.springframework.web.servlet.DispatcherServlet (DispatcherServlet.java:1110) - No mapping found for HTTP request with URI [/system-web/work/assets/img/work4.jpg] in DispatcherServlet with name 'dispatcher'
2015-06-02 00:10:17,567 [1570832144@qtp-831667365-5] WARN  org.springframework.web.servlet.DispatcherServlet (DispatcherServlet.java:1110) - No mapping found for HTTP request with URI [/system-web/work/assets/img/work2.jpg] in DispatcherServlet with name 'dispatcher'
2015-06-02 00:10:17,569 [316652221@qtp-831667365-2] WARN  org.springframework.web.servlet.DispatcherServlet (DispatcherServlet.java:1110) - No mapping found for HTTP request with URI [/system-web/work/assets/img/work1.jpg] in DispatcherServlet with name 'dispatcher'
2015-06-02 00:10:17,578 [316652221@qtp-831667365-2] WARN  org.springframework.web.servlet.DispatcherServlet (DispatcherServlet.java:1110) - No mapping found for HTTP request with URI [/system-web/work/assets/img/work8.jpg] in DispatcherServlet with name 'dispatcher'
2015-06-02 00:10:41,810 [1644859961@qtp-831667365-6] WARN  org.springframework.web.servlet.DispatcherServlet (DispatcherServlet.java:1110) - No mapping found for HTTP request with URI [/system-web/work/assets/img/Logodark.png] in DispatcherServlet with name 'dispatcher'
2015-06-02 00:10:41,816 [1644859961@qtp-831667365-6] WARN  org.springframework.web.servlet.DispatcherServlet (DispatcherServlet.java:1110) - No mapping found for HTTP request with URI [/system-web/work/assets/img/work8.jpg] in DispatcherServlet with name 'dispatcher'
2015-06-02 00:10:41,819 [1644859961@qtp-831667365-6] WARN  org.springframework.web.servlet.DispatcherServlet (DispatcherServlet.java:1110) - No mapping found for HTTP request with URI [/system-web/work/assets/img/work3.jpg] in DispatcherServlet with name 'dispatcher'
2015-06-02 00:10:41,822 [1644859961@qtp-831667365-6] WARN  org.springframework.web.servlet.DispatcherServlet (DispatcherServlet.java:1110) - No mapping found for HTTP request with URI [/system-web/work/assets/img/work1.jpg] in DispatcherServlet with name 'dispatcher'
2015-06-02 00:10:41,824 [1644859961@qtp-831667365-6] WARN  org.springframework.web.servlet.DispatcherServlet (DispatcherServlet.java:1110) - No mapping found for HTTP request with URI [/system-web/work/assets/img/work2.jpg] in DispatcherServlet with name 'dispatcher'
2015-06-02 00:10:41,826 [1644859961@qtp-831667365-6] WARN  org.springframework.web.servlet.DispatcherServlet (DispatcherServlet.java:1110) - No mapping found for HTTP request with URI [/system-web/work/assets/img/work6.jpg] in DispatcherServlet with name 'dispatcher'
2015-06-02 00:10:41,829 [1644859961@qtp-831667365-6] WARN  org.springframework.web.servlet.DispatcherServlet (DispatcherServlet.java:1110) - No mapping found for HTTP request with URI [/system-web/work/assets/img/work4.jpg] in DispatcherServlet with name 'dispatcher'
2015-06-02 00:10:41,834 [1570832144@qtp-831667365-5] WARN  org.springframework.web.servlet.DispatcherServlet (DispatcherServlet.java:1110) - No mapping found for HTTP request with URI [/system-web/work/assets/img/work7.jpg] in DispatcherServlet with name 'dispatcher'
2015-06-02 00:10:42,275 [1570832144@qtp-831667365-5] WARN  org.springframework.web.servlet.DispatcherServlet (DispatcherServlet.java:1110) - No mapping found for HTTP request with URI [/system-web/work/assets/img/work3.jpg] in DispatcherServlet with name 'dispatcher'
2015-06-02 00:10:42,317 [1570832144@qtp-831667365-5] WARN  org.springframework.web.servlet.DispatcherServlet (DispatcherServlet.java:1110) - No mapping found for HTTP request with URI [/system-web/work/assets/img/work1.jpg] in DispatcherServlet with name 'dispatcher'
2015-06-02 00:10:42,330 [1570832144@qtp-831667365-5] WARN  org.springframework.web.servlet.DispatcherServlet (DispatcherServlet.java:1110) - No mapping found for HTTP request with URI [/system-web/work/assets/img/work2.jpg] in DispatcherServlet with name 'dispatcher'
2015-06-02 00:10:42,358 [1570832144@qtp-831667365-5] WARN  org.springframework.web.servlet.DispatcherServlet (DispatcherServlet.java:1110) - No mapping found for HTTP request with URI [/system-web/work/assets/img/work6.jpg] in DispatcherServlet with name 'dispatcher'
2015-06-02 00:10:42,399 [1570832144@qtp-831667365-5] WARN  org.springframework.web.servlet.DispatcherServlet (DispatcherServlet.java:1110) - No mapping found for HTTP request with URI [/system-web/work/assets/img/work2.jpg] in DispatcherServlet with name 'dispatcher'
2015-06-02 00:10:42,462 [1570832144@qtp-831667365-5] WARN  org.springframework.web.servlet.DispatcherServlet (DispatcherServlet.java:1110) - No mapping found for HTTP request with URI [/system-web/work/assets/img/work6.jpg] in DispatcherServlet with name 'dispatcher'
2015-06-02 00:10:42,915 [1570832144@qtp-831667365-5] WARN  org.springframework.web.servlet.DispatcherServlet (DispatcherServlet.java:1110) - No mapping found for HTTP request with URI [/system-web/work/assets/img/work2.jpg] in DispatcherServlet with name 'dispatcher'
2015-06-02 00:10:43,162 [1570832144@qtp-831667365-5] WARN  org.springframework.web.servlet.DispatcherServlet (DispatcherServlet.java:1110) - No mapping found for HTTP request with URI [/system-web/work/assets/img/work1.jpg] in DispatcherServlet with name 'dispatcher'
2015-06-02 00:10:49,820 [1644859961@qtp-831667365-6] WARN  org.springframework.web.servlet.DispatcherServlet (DispatcherServlet.java:1110) - No mapping found for HTTP request with URI [/system-web/work/assets/img/work2.jpg] in DispatcherServlet with name 'dispatcher'
2015-06-02 00:10:49,937 [1644859961@qtp-831667365-6] WARN  org.springframework.web.servlet.DispatcherServlet (DispatcherServlet.java:1110) - No mapping found for HTTP request with URI [/system-web/work/assets/img/work6.jpg] in DispatcherServlet with name 'dispatcher'
2015-06-02 00:10:49,939 [1644859961@qtp-831667365-6] WARN  org.springframework.web.servlet.DispatcherServlet (DispatcherServlet.java:1110) - No mapping found for HTTP request with URI [/system-web/work/assets/img/work4.jpg] in DispatcherServlet with name 'dispatcher'
2015-06-02 00:10:49,959 [1644859961@qtp-831667365-6] WARN  org.springframework.web.servlet.DispatcherServlet (DispatcherServlet.java:1110) - No mapping found for HTTP request with URI [/system-web/work/assets/img/work7.jpg] in DispatcherServlet with name 'dispatcher'
2015-06-02 00:10:50,354 [1644859961@qtp-831667365-6] WARN  org.springframework.web.servlet.DispatcherServlet (DispatcherServlet.java:1110) - No mapping found for HTTP request with URI [/system-web/work/assets/img/work7.jpg] in DispatcherServlet with name 'dispatcher'
2015-06-02 00:10:50,381 [1644859961@qtp-831667365-6] WARN  org.springframework.web.servlet.DispatcherServlet (DispatcherServlet.java:1110) - No mapping found for HTTP request with URI [/system-web/work/assets/img/work4.jpg] in DispatcherServlet with name 'dispatcher'
2015-06-02 00:10:50,400 [1644859961@qtp-831667365-6] WARN  org.springframework.web.servlet.DispatcherServlet (DispatcherServlet.java:1110) - No mapping found for HTTP request with URI [/system-web/work/assets/img/work6.jpg] in DispatcherServlet with name 'dispatcher'
2015-06-02 00:10:50,441 [1644859961@qtp-831667365-6] WARN  org.springframework.web.servlet.DispatcherServlet (DispatcherServlet.java:1110) - No mapping found for HTTP request with URI [/system-web/work/assets/img/work2.jpg] in DispatcherServlet with name 'dispatcher'
2015-06-02 00:10:50,488 [1644859961@qtp-831667365-6] WARN  org.springframework.web.servlet.DispatcherServlet (DispatcherServlet.java:1110) - No mapping found for HTTP request with URI [/system-web/work/assets/img/work1.jpg] in DispatcherServlet with name 'dispatcher'
2015-06-02 00:10:50,533 [1644859961@qtp-831667365-6] WARN  org.springframework.web.servlet.DispatcherServlet (DispatcherServlet.java:1110) - No mapping found for HTTP request with URI [/system-web/work/assets/img/work3.jpg] in DispatcherServlet with name 'dispatcher'
2015-06-02 00:10:50,607 [1644859961@qtp-831667365-6] WARN  org.springframework.web.servlet.DispatcherServlet (DispatcherServlet.java:1110) - No mapping found for HTTP request with URI [/system-web/work/assets/img/work8.jpg] in DispatcherServlet with name 'dispatcher'
2015-06-02 00:10:50,644 [1644859961@qtp-831667365-6] WARN  org.springframework.web.servlet.DispatcherServlet (DispatcherServlet.java:1110) - No mapping found for HTTP request with URI [/system-web/work/assets/img/Logodark.png] in DispatcherServlet with name 'dispatcher'
2015-06-02 00:10:52,808 [1644859961@qtp-831667365-6] WARN  org.springframework.web.servlet.DispatcherServlet (DispatcherServlet.java:1110) - No mapping found for HTTP request with URI [/system-web/work/assets/img/Logodark.png] in DispatcherServlet with name 'dispatcher'
2015-06-02 00:11:14,779 [1644859961@qtp-831667365-6] WARN  org.springframework.web.servlet.DispatcherServlet (DispatcherServlet.java:1110) - No mapping found for HTTP request with URI [/system-web/work/assets/img/work8.jpg] in DispatcherServlet with name 'dispatcher'
2015-06-02 00:11:14,843 [1570832144@qtp-831667365-5] WARN  org.springframework.web.servlet.DispatcherServlet (DispatcherServlet.java:1110) - No mapping found for HTTP request with URI [/system-web/work/assets/img/work3.jpg] in DispatcherServlet with name 'dispatcher'
2015-06-02 00:11:14,880 [1570832144@qtp-831667365-5] WARN  org.springframework.web.servlet.DispatcherServlet (DispatcherServlet.java:1110) - No mapping found for HTTP request with URI [/system-web/work/assets/img/work1.jpg] in DispatcherServlet with name 'dispatcher'
2015-06-02 00:11:14,883 [316652221@qtp-831667365-2] WARN  org.springframework.web.servlet.DispatcherServlet (DispatcherServlet.java:1110) - No mapping found for HTTP request with URI [/system-web/work/assets/img/work2.jpg] in DispatcherServlet with name 'dispatcher'
2015-06-02 00:11:14,887 [1529650781@qtp-831667365-7] WARN  org.springframework.web.servlet.DispatcherServlet (DispatcherServlet.java:1110) - No mapping found for HTTP request with URI [/system-web/work/assets/img/work6.jpg] in DispatcherServlet with name 'dispatcher'
2015-06-02 00:11:14,890 [1529650781@qtp-831667365-7] WARN  org.springframework.web.servlet.DispatcherServlet (DispatcherServlet.java:1110) - No mapping found for HTTP request with URI [/system-web/work/assets/img/work4.jpg] in DispatcherServlet with name 'dispatcher'
2015-06-02 00:11:14,890 [316652221@qtp-831667365-2] WARN  org.springframework.web.servlet.DispatcherServlet (DispatcherServlet.java:1110) - No mapping found for HTTP request with URI [/system-web/work/assets/img/work7.jpg] in DispatcherServlet with name 'dispatcher'
2015-06-02 00:13:50,832 [316652221@qtp-831667365-2] WARN  org.springframework.web.servlet.DispatcherServlet (DispatcherServlet.java:1110) - No mapping found for HTTP request with URI [/system-web/work/assets/img/work4.jpg] in DispatcherServlet with name 'dispatcher'
2015-06-02 00:13:50,854 [316652221@qtp-831667365-2] WARN  org.springframework.web.servlet.DispatcherServlet (DispatcherServlet.java:1110) - No mapping found for HTTP request with URI [/system-web/work/assets/img/work8.jpg] in DispatcherServlet with name 'dispatcher'
2015-06-02 21:15:15,757 [1067102222@qtp-622596956-0] WARN  org.springframework.web.servlet.DispatcherServlet (DispatcherServlet.java:1110) - No mapping found for HTTP request with URI [/system-web/;jsessionid=1cji6z1dudtgi111zeijtsywgcassets/css/bootstrap.css] in DispatcherServlet with name 'dispatcher'
2015-06-02 21:15:15,783 [100913843@qtp-622596956-5] WARN  org.springframework.web.servlet.DispatcherServlet (DispatcherServlet.java:1110) - No mapping found for HTTP request with URI [/system-web/;jsessionid=1cji6z1dudtgi111zeijtsywgcassets/js/google-code-prettify/prettify.css] in DispatcherServlet with name 'dispatcher'
2015-06-02 21:15:15,773 [657158900@qtp-622596956-2] WARN  org.springframework.web.servlet.DispatcherServlet (DispatcherServlet.java:1110) - No mapping found for HTTP request with URI [/system-web/;jsessionid=1cji6z1dudtgi111zeijtsywgcassets/css/docs.css] in DispatcherServlet with name 'dispatcher'
2015-06-02 21:15:15,765 [628935471@qtp-622596956-4] WARN  org.springframework.web.servlet.DispatcherServlet (DispatcherServlet.java:1110) - No mapping found for HTTP request with URI [/system-web/;jsessionid=1cji6z1dudtgi111zeijtsywgcassets/css/bootstrap-responsive.css] in DispatcherServlet with name 'dispatcher'
2015-06-02 21:15:15,798 [100913843@qtp-622596956-5] WARN  org.springframework.web.servlet.DispatcherServlet (DispatcherServlet.java:1110) - No mapping found for HTTP request with URI [/system-web/;jsessionid=1cji6z1dudtgi111zeijtsywgcassets/img/home-banner-bg.jpg] in DispatcherServlet with name 'dispatcher'
2015-06-02 21:15:15,807 [100913843@qtp-622596956-5] WARN  org.springframework.web.servlet.DispatcherServlet (DispatcherServlet.java:1110) - No mapping found for HTTP request with URI [/system-web/;jsessionid=1cji6z1dudtgi111zeijtsywgcassets/img/home-banner-bg2.jpg] in DispatcherServlet with name 'dispatcher'
2015-06-02 21:15:15,817 [100913843@qtp-622596956-5] WARN  org.springframework.web.servlet.DispatcherServlet (DispatcherServlet.java:1110) - No mapping found for HTTP request with URI [/system-web/;jsessionid=1cji6z1dudtgi111zeijtsywgcassets/js/jquery.js] in DispatcherServlet with name 'dispatcher'
2015-06-02 21:15:15,826 [100913843@qtp-622596956-5] WARN  org.springframework.web.servlet.DispatcherServlet (DispatcherServlet.java:1110) - No mapping found for HTTP request with URI [/system-web/;jsessionid=1cji6z1dudtgi111zeijtsywgcassets/js/google-code-prettify/prettify.js] in DispatcherServlet with name 'dispatcher'
2015-06-02 21:15:15,833 [100913843@qtp-622596956-5] WARN  org.springframework.web.servlet.DispatcherServlet (DispatcherServlet.java:1110) - No mapping found for HTTP request with URI [/system-web/;jsessionid=1cji6z1dudtgi111zeijtsywgcassets/js/bootstrap-transition.js] in DispatcherServlet with name 'dispatcher'
2015-06-02 21:15:15,840 [100913843@qtp-622596956-5] WARN  org.springframework.web.servlet.DispatcherServlet (DispatcherServlet.java:1110) - No mapping found for HTTP request with URI [/system-web/;jsessionid=1cji6z1dudtgi111zeijtsywgcassets/js/bootstrap-alert.js] in DispatcherServlet with name 'dispatcher'
2015-06-02 21:15:15,848 [100913843@qtp-622596956-5] WARN  org.springframework.web.servlet.DispatcherServlet (DispatcherServlet.java:1110) - No mapping found for HTTP request with URI [/system-web/;jsessionid=1cji6z1dudtgi111zeijtsywgcassets/js/bootstrap-modal.js] in DispatcherServlet with name 'dispatcher'
2015-06-02 21:15:15,856 [100913843@qtp-622596956-5] WARN  org.springframework.web.servlet.DispatcherServlet (DispatcherServlet.java:1110) - No mapping found for HTTP request with URI [/system-web/;jsessionid=1cji6z1dudtgi111zeijtsywgcassets/js/bootstrap-dropdown.js] in DispatcherServlet with name 'dispatcher'
2015-06-02 21:15:15,865 [100913843@qtp-622596956-5] WARN  org.springframework.web.servlet.DispatcherServlet (DispatcherServlet.java:1110) - No mapping found for HTTP request with URI [/system-web/;jsessionid=1cji6z1dudtgi111zeijtsywgcassets/js/bootstrap-scrollspy.js] in DispatcherServlet with name 'dispatcher'
2015-06-02 21:15:15,874 [100913843@qtp-622596956-5] WARN  org.springframework.web.servlet.DispatcherServlet (DispatcherServlet.java:1110) - No mapping found for HTTP request with URI [/system-web/;jsessionid=1cji6z1dudtgi111zeijtsywgcassets/js/bootstrap-tab.js] in DispatcherServlet with name 'dispatcher'
2015-06-02 21:15:15,882 [100913843@qtp-622596956-5] WARN  org.springframework.web.servlet.DispatcherServlet (DispatcherServlet.java:1110) - No mapping found for HTTP request with URI [/system-web/;jsessionid=1cji6z1dudtgi111zeijtsywgcassets/js/bootstrap-tooltip.js] in DispatcherServlet with name 'dispatcher'
2015-06-02 21:15:15,889 [100913843@qtp-622596956-5] WARN  org.springframework.web.servlet.DispatcherServlet (DispatcherServlet.java:1110) - No mapping found for HTTP request with URI [/system-web/;jsessionid=1cji6z1dudtgi111zeijtsywgcassets/js/bootstrap-popover.js] in DispatcherServlet with name 'dispatcher'
2015-06-02 21:15:15,897 [100913843@qtp-622596956-5] WARN  org.springframework.web.servlet.DispatcherServlet (DispatcherServlet.java:1110) - No mapping found for HTTP request with URI [/system-web/;jsessionid=1cji6z1dudtgi111zeijtsywgcassets/js/bootstrap-button.js] in DispatcherServlet with name 'dispatcher'
2015-06-02 21:15:15,905 [100913843@qtp-622596956-5] WARN  org.springframework.web.servlet.DispatcherServlet (DispatcherServlet.java:1110) - No mapping found for HTTP request with URI [/system-web/;jsessionid=1cji6z1dudtgi111zeijtsywgcassets/js/bootstrap-collapse.js] in DispatcherServlet with name 'dispatcher'
2015-06-02 21:15:15,913 [100913843@qtp-622596956-5] WARN  org.springframework.web.servlet.DispatcherServlet (DispatcherServlet.java:1110) - No mapping found for HTTP request with URI [/system-web/;jsessionid=1cji6z1dudtgi111zeijtsywgcassets/js/bootstrap-carousel.js] in DispatcherServlet with name 'dispatcher'
2015-06-02 21:15:15,920 [100913843@qtp-622596956-5] WARN  org.springframework.web.servlet.DispatcherServlet (DispatcherServlet.java:1110) - No mapping found for HTTP request with URI [/system-web/;jsessionid=1cji6z1dudtgi111zeijtsywgcassets/js/bootstrap-typeahead.js] in DispatcherServlet with name 'dispatcher'
2015-06-02 21:15:15,928 [100913843@qtp-622596956-5] WARN  org.springframework.web.servlet.DispatcherServlet (DispatcherServlet.java:1110) - No mapping found for HTTP request with URI [/system-web/;jsessionid=1cji6z1dudtgi111zeijtsywgcassets/js/bootstrap-affix.js] in DispatcherServlet with name 'dispatcher'
2015-06-02 21:15:15,936 [100913843@qtp-622596956-5] WARN  org.springframework.web.servlet.DispatcherServlet (DispatcherServlet.java:1110) - No mapping found for HTTP request with URI [/system-web/;jsessionid=1cji6z1dudtgi111zeijtsywgcassets/js/application.js] in DispatcherServlet with name 'dispatcher'
2015-06-02 21:15:15,945 [100913843@qtp-622596956-5] WARN  org.springframework.web.servlet.DispatcherServlet (DispatcherServlet.java:1110) - No mapping found for HTTP request with URI [/system-web/;jsessionid=1cji6z1dudtgi111zeijtsywgcassets/js/superfish.js] in DispatcherServlet with name 'dispatcher'
2015-06-02 21:15:15,953 [100913843@qtp-622596956-5] WARN  org.springframework.web.servlet.DispatcherServlet (DispatcherServlet.java:1110) - No mapping found for HTTP request with URI [/system-web/;jsessionid=1cji6z1dudtgi111zeijtsywgcassets/js/custom.js] in DispatcherServlet with name 'dispatcher'
2015-06-02 21:15:15,964 [100913843@qtp-622596956-5] WARN  org.springframework.web.servlet.DispatcherServlet (DispatcherServlet.java:1110) - No mapping found for HTTP request with URI [/system-web/;jsessionid=1cji6z1dudtgi111zeijtsywgcassets/img/home-banner-bg3.jpg] in DispatcherServlet with name 'dispatcher'
2015-06-02 21:15:15,974 [100913843@qtp-622596956-5] WARN  org.springframework.web.servlet.DispatcherServlet (DispatcherServlet.java:1110) - No mapping found for HTTP request with URI [/system-web/;jsessionid=1cji6z1dudtgi111zeijtsywgcassets/img/Logo.png] in DispatcherServlet with name 'dispatcher'
2015-06-02 21:15:16,108 [628935471@qtp-622596956-4] WARN  org.springframework.web.servlet.DispatcherServlet (DispatcherServlet.java:1110) - No mapping found for HTTP request with URI [/system-web/;jsessionid=1cji6z1dudtgi111zeijtsywgcassets/ico/favicon.ico] in DispatcherServlet with name 'dispatcher'
2015-06-02 21:16:42,022 [628935471@qtp-622596956-4] WARN  org.springframework.web.servlet.DispatcherServlet (DispatcherServlet.java:1110) - No mapping found for HTTP request with URI [/system-web/work/0] in DispatcherServlet with name 'dispatcher'
2015-06-02 21:16:46,419 [628935471@qtp-622596956-4] WARN  org.springframework.web.servlet.DispatcherServlet (DispatcherServlet.java:1110) - No mapping found for HTTP request with URI [/system-web/work/0] in DispatcherServlet with name 'dispatcher'
2015-06-02 21:18:58,729 [2034442961@qtp-622596956-8] WARN  org.springframework.web.servlet.DispatcherServlet (DispatcherServlet.java:1110) - No mapping found for HTTP request with URI [/system-web/work/work-details.html] in DispatcherServlet with name 'dispatcher'
2015-06-02 21:19:26,480 [2034442961@qtp-622596956-8] WARN  org.springframework.web.servlet.DispatcherServlet (DispatcherServlet.java:1110) - No mapping found for HTTP request with URI [/system-web/work/work-details.html] in DispatcherServlet with name 'dispatcher'
2015-06-02 21:25:33,490 [1070741042@qtp-622596956-13] WARN  org.springframework.web.servlet.DispatcherServlet (DispatcherServlet.java:1110) - No mapping found for HTTP request with URI [/system-web/work/work-details.html] in DispatcherServlet with name 'dispatcher'
2015-06-02 21:26:26,942 [1704710602@qtp-622596956-11] WARN  org.springframework.web.servlet.DispatcherServlet (DispatcherServlet.java:1110) - No mapping found for HTTP request with URI [/system-web/;jsessionid=1ebsli4p14vsm1kguxuc7r1x5massets/css/bootstrap.css] in DispatcherServlet with name 'dispatcher'
2015-06-02 21:26:26,944 [1070741042@qtp-622596956-13] WARN  org.springframework.web.servlet.DispatcherServlet (DispatcherServlet.java:1110) - No mapping found for HTTP request with URI [/system-web/;jsessionid=1ebsli4p14vsm1kguxuc7r1x5massets/css/bootstrap-responsive.css] in DispatcherServlet with name 'dispatcher'
2015-06-02 21:26:26,945 [1704710602@qtp-622596956-11] WARN  org.springframework.web.servlet.DispatcherServlet (DispatcherServlet.java:1110) - No mapping found for HTTP request with URI [/system-web/;jsessionid=1ebsli4p14vsm1kguxuc7r1x5massets/css/docs.css] in DispatcherServlet with name 'dispatcher'
2015-06-02 21:26:26,946 [1070741042@qtp-622596956-13] WARN  org.springframework.web.servlet.DispatcherServlet (DispatcherServlet.java:1110) - No mapping found for HTTP request with URI [/system-web/;jsessionid=1ebsli4p14vsm1kguxuc7r1x5massets/js/google-code-prettify/prettify.css] in DispatcherServlet with name 'dispatcher'
2015-06-02 21:26:26,948 [1704710602@qtp-622596956-11] WARN  org.springframework.web.servlet.DispatcherServlet (DispatcherServlet.java:1110) - No mapping found for HTTP request with URI [/system-web/;jsessionid=1ebsli4p14vsm1kguxuc7r1x5massets/img/Logodark.png] in DispatcherServlet with name 'dispatcher'
2015-06-02 21:26:26,950 [1070741042@qtp-622596956-13] WARN  org.springframework.web.servlet.DispatcherServlet (DispatcherServlet.java:1110) - No mapping found for HTTP request with URI [/system-web/;jsessionid=1ebsli4p14vsm1kguxuc7r1x5massets/img/work8.jpg] in DispatcherServlet with name 'dispatcher'
2015-06-02 21:26:26,952 [1704710602@qtp-622596956-11] WARN  org.springframework.web.servlet.DispatcherServlet (DispatcherServlet.java:1110) - No mapping found for HTTP request with URI [/system-web/;jsessionid=1ebsli4p14vsm1kguxuc7r1x5massets/img/work3.jpg] in DispatcherServlet with name 'dispatcher'
2015-06-02 21:26:26,954 [1070741042@qtp-622596956-13] WARN  org.springframework.web.servlet.DispatcherServlet (DispatcherServlet.java:1110) - No mapping found for HTTP request with URI [/system-web/;jsessionid=1ebsli4p14vsm1kguxuc7r1x5massets/img/work1.jpg] in DispatcherServlet with name 'dispatcher'
2015-06-02 21:26:26,955 [1704710602@qtp-622596956-11] WARN  org.springframework.web.servlet.DispatcherServlet (DispatcherServlet.java:1110) - No mapping found for HTTP request with URI [/system-web/;jsessionid=1ebsli4p14vsm1kguxuc7r1x5massets/img/work2.jpg] in DispatcherServlet with name 'dispatcher'
2015-06-02 21:26:26,957 [214501898@qtp-622596956-10] WARN  org.springframework.web.servlet.DispatcherServlet (DispatcherServlet.java:1110) - No mapping found for HTTP request with URI [/system-web/;jsessionid=1ebsli4p14vsm1kguxuc7r1x5massets/img/work4.jpg] in DispatcherServlet with name 'dispatcher'
2015-06-02 21:26:26,959 [221482301@qtp-622596956-15] WARN  org.springframework.web.servlet.DispatcherServlet (DispatcherServlet.java:1110) - No mapping found for HTTP request with URI [/system-web/;jsessionid=1ebsli4p14vsm1kguxuc7r1x5massets/img/work7.jpg] in DispatcherServlet with name 'dispatcher'
2015-06-02 21:26:26,959 [24235184@qtp-622596956-12] WARN  org.springframework.web.servlet.DispatcherServlet (DispatcherServlet.java:1110) - No mapping found for HTTP request with URI [/system-web/;jsessionid=1ebsli4p14vsm1kguxuc7r1x5massets/img/work6.jpg] in DispatcherServlet with name 'dispatcher'
2015-06-02 21:26:26,962 [1070741042@qtp-622596956-13] WARN  org.springframework.web.servlet.DispatcherServlet (DispatcherServlet.java:1110) - No mapping found for HTTP request with URI [/system-web/;jsessionid=1ebsli4p14vsm1kguxuc7r1x5massets/js/jquery.js] in DispatcherServlet with name 'dispatcher'
2015-06-02 21:26:26,965 [1704710602@qtp-622596956-11] WARN  org.springframework.web.servlet.DispatcherServlet (DispatcherServlet.java:1110) - No mapping found for HTTP request with URI [/system-web/;jsessionid=1ebsli4p14vsm1kguxuc7r1x5massets/js/google-code-prettify/prettify.js] in DispatcherServlet with name 'dispatcher'
2015-06-02 21:26:26,967 [221482301@qtp-622596956-15] WARN  org.springframework.web.servlet.DispatcherServlet (DispatcherServlet.java:1110) - No mapping found for HTTP request with URI [/system-web/;jsessionid=1ebsli4p14vsm1kguxuc7r1x5massets/js/bootstrap-alert.js] in DispatcherServlet with name 'dispatcher'
2015-06-02 21:26:26,968 [214501898@qtp-622596956-10] WARN  org.springframework.web.servlet.DispatcherServlet (DispatcherServlet.java:1110) - No mapping found for HTTP request with URI [/system-web/;jsessionid=1ebsli4p14vsm1kguxuc7r1x5massets/js/bootstrap-transition.js] in DispatcherServlet with name 'dispatcher'
2015-06-02 21:26:26,970 [221482301@qtp-622596956-15] WARN  org.springframework.web.servlet.DispatcherServlet (DispatcherServlet.java:1110) - No mapping found for HTTP request with URI [/system-web/;jsessionid=1ebsli4p14vsm1kguxuc7r1x5massets/js/bootstrap-modal.js] in DispatcherServlet with name 'dispatcher'
2015-06-02 21:26:26,970 [214501898@qtp-622596956-10] WARN  org.springframework.web.servlet.DispatcherServlet (DispatcherServlet.java:1110) - No mapping found for HTTP request with URI [/system-web/;jsessionid=1ebsli4p14vsm1kguxuc7r1x5massets/js/bootstrap-dropdown.js] in DispatcherServlet with name 'dispatcher'
2015-06-02 21:26:26,971 [1704710602@qtp-622596956-11] WARN  org.springframework.web.servlet.DispatcherServlet (DispatcherServlet.java:1110) - No mapping found for HTTP request with URI [/system-web/;jsessionid=1ebsli4p14vsm1kguxuc7r1x5massets/js/bootstrap-scrollspy.js] in DispatcherServlet with name 'dispatcher'
2015-06-02 21:26:26,974 [221482301@qtp-622596956-15] WARN  org.springframework.web.servlet.DispatcherServlet (DispatcherServlet.java:1110) - No mapping found for HTTP request with URI [/system-web/;jsessionid=1ebsli4p14vsm1kguxuc7r1x5massets/js/bootstrap-popover.js] in DispatcherServlet with name 'dispatcher'
2015-06-02 21:26:26,974 [214501898@qtp-622596956-10] WARN  org.springframework.web.servlet.DispatcherServlet (DispatcherServlet.java:1110) - No mapping found for HTTP request with URI [/system-web/;jsessionid=1ebsli4p14vsm1kguxuc7r1x5massets/js/bootstrap-tooltip.js] in DispatcherServlet with name 'dispatcher'
2015-06-02 21:26:26,975 [24235184@qtp-622596956-12] WARN  org.springframework.web.servlet.DispatcherServlet (DispatcherServlet.java:1110) - No mapping found for HTTP request with URI [/system-web/;jsessionid=1ebsli4p14vsm1kguxuc7r1x5massets/js/bootstrap-tab.js] in DispatcherServlet with name 'dispatcher'
2015-06-02 21:26:26,978 [214501898@qtp-622596956-10] WARN  org.springframework.web.servlet.DispatcherServlet (DispatcherServlet.java:1110) - No mapping found for HTTP request with URI [/system-web/;jsessionid=1ebsli4p14vsm1kguxuc7r1x5massets/js/bootstrap-button.js] in DispatcherServlet with name 'dispatcher'
2015-06-02 21:26:26,980 [214501898@qtp-622596956-10] WARN  org.springframework.web.servlet.DispatcherServlet (DispatcherServlet.java:1110) - No mapping found for HTTP request with URI [/system-web/;jsessionid=1ebsli4p14vsm1kguxuc7r1x5massets/js/bootstrap-collapse.js] in DispatcherServlet with name 'dispatcher'
2015-06-02 21:26:26,981 [24235184@qtp-622596956-12] WARN  org.springframework.web.servlet.DispatcherServlet (DispatcherServlet.java:1110) - No mapping found for HTTP request with URI [/system-web/;jsessionid=1ebsli4p14vsm1kguxuc7r1x5massets/js/bootstrap-carousel.js] in DispatcherServlet with name 'dispatcher'
2015-06-02 21:26:26,982 [24235184@qtp-622596956-12] WARN  org.springframework.web.servlet.DispatcherServlet (DispatcherServlet.java:1110) - No mapping found for HTTP request with URI [/system-web/;jsessionid=1ebsli4p14vsm1kguxuc7r1x5massets/js/bootstrap-typeahead.js] in DispatcherServlet with name 'dispatcher'
2015-06-02 21:26:26,983 [214501898@qtp-622596956-10] WARN  org.springframework.web.servlet.DispatcherServlet (DispatcherServlet.java:1110) - No mapping found for HTTP request with URI [/system-web/;jsessionid=1ebsli4p14vsm1kguxuc7r1x5massets/js/bootstrap-affix.js] in DispatcherServlet with name 'dispatcher'
2015-06-02 21:26:26,984 [24235184@qtp-622596956-12] WARN  org.springframework.web.servlet.DispatcherServlet (DispatcherServlet.java:1110) - No mapping found for HTTP request with URI [/system-web/;jsessionid=1ebsli4p14vsm1kguxuc7r1x5massets/js/application.js] in DispatcherServlet with name 'dispatcher'
2015-06-02 21:26:26,986 [214501898@qtp-622596956-10] WARN  org.springframework.web.servlet.DispatcherServlet (DispatcherServlet.java:1110) - No mapping found for HTTP request with URI [/system-web/;jsessionid=1ebsli4p14vsm1kguxuc7r1x5massets/js/superfish.js] in DispatcherServlet with name 'dispatcher'
2015-06-02 21:26:27,014 [214501898@qtp-622596956-10] WARN  org.springframework.web.servlet.DispatcherServlet (DispatcherServlet.java:1110) - No mapping found for HTTP request with URI [/system-web/;jsessionid=1ebsli4p14vsm1kguxuc7r1x5massets/js/custom.js] in DispatcherServlet with name 'dispatcher'
2015-06-02 21:26:27,071 [214501898@qtp-622596956-10] WARN  org.springframework.web.servlet.DispatcherServlet (DispatcherServlet.java:1110) - No mapping found for HTTP request with URI [/system-web/;jsessionid=1ebsli4p14vsm1kguxuc7r1x5massets/ico/favicon.ico] in DispatcherServlet with name 'dispatcher'
2015-06-02 21:26:27,119 [214501898@qtp-622596956-10] WARN  org.springframework.web.servlet.DispatcherServlet (DispatcherServlet.java:1110) - No mapping found for HTTP request with URI [/system-web/;jsessionid=1ebsli4p14vsm1kguxuc7r1x5massets/ico/favicon.ico] in DispatcherServlet with name 'dispatcher'
2015-06-02 21:26:27,121 [214501898@qtp-622596956-10] WARN  org.springframework.web.servlet.DispatcherServlet (DispatcherServlet.java:1110) - No mapping found for HTTP request with URI [/system-web/;jsessionid=1ebsli4p14vsm1kguxuc7r1x5massets/js/google-code-prettify/prettify.js] in DispatcherServlet with name 'dispatcher'
2015-06-02 21:26:27,127 [214501898@qtp-622596956-10] WARN  org.springframework.web.servlet.DispatcherServlet (DispatcherServlet.java:1110) - No mapping found for HTTP request with URI [/system-web/;jsessionid=1ebsli4p14vsm1kguxuc7r1x5massets/js/bootstrap-transition.js] in DispatcherServlet with name 'dispatcher'
2015-06-02 21:26:27,136 [214501898@qtp-622596956-10] WARN  org.springframework.web.servlet.DispatcherServlet (DispatcherServlet.java:1110) - No mapping found for HTTP request with URI [/system-web/;jsessionid=1ebsli4p14vsm1kguxuc7r1x5massets/js/bootstrap-alert.js] in DispatcherServlet with name 'dispatcher'
2015-06-02 21:26:27,143 [214501898@qtp-622596956-10] WARN  org.springframework.web.servlet.DispatcherServlet (DispatcherServlet.java:1110) - No mapping found for HTTP request with URI [/system-web/;jsessionid=1ebsli4p14vsm1kguxuc7r1x5massets/js/bootstrap-modal.js] in DispatcherServlet with name 'dispatcher'
2015-06-02 21:26:27,150 [214501898@qtp-622596956-10] WARN  org.springframework.web.servlet.DispatcherServlet (DispatcherServlet.java:1110) - No mapping found for HTTP request with URI [/system-web/;jsessionid=1ebsli4p14vsm1kguxuc7r1x5massets/js/bootstrap-dropdown.js] in DispatcherServlet with name 'dispatcher'
2015-06-02 21:26:27,157 [214501898@qtp-622596956-10] WARN  org.springframework.web.servlet.DispatcherServlet (DispatcherServlet.java:1110) - No mapping found for HTTP request with URI [/system-web/;jsessionid=1ebsli4p14vsm1kguxuc7r1x5massets/js/bootstrap-scrollspy.js] in DispatcherServlet with name 'dispatcher'
2015-06-02 21:26:27,169 [214501898@qtp-622596956-10] WARN  org.springframework.web.servlet.DispatcherServlet (DispatcherServlet.java:1110) - No mapping found for HTTP request with URI [/system-web/;jsessionid=1ebsli4p14vsm1kguxuc7r1x5massets/js/bootstrap-tab.js] in DispatcherServlet with name 'dispatcher'
2015-06-02 21:26:27,177 [214501898@qtp-622596956-10] WARN  org.springframework.web.servlet.DispatcherServlet (DispatcherServlet.java:1110) - No mapping found for HTTP request with URI [/system-web/;jsessionid=1ebsli4p14vsm1kguxuc7r1x5massets/js/bootstrap-tooltip.js] in DispatcherServlet with name 'dispatcher'
2015-06-02 21:26:27,193 [214501898@qtp-622596956-10] WARN  org.springframework.web.servlet.DispatcherServlet (DispatcherServlet.java:1110) - No mapping found for HTTP request with URI [/system-web/;jsessionid=1ebsli4p14vsm1kguxuc7r1x5massets/js/bootstrap-popover.js] in DispatcherServlet with name 'dispatcher'
2015-06-02 21:26:27,205 [214501898@qtp-622596956-10] WARN  org.springframework.web.servlet.DispatcherServlet (DispatcherServlet.java:1110) - No mapping found for HTTP request with URI [/system-web/;jsessionid=1ebsli4p14vsm1kguxuc7r1x5massets/js/bootstrap-button.js] in DispatcherServlet with name 'dispatcher'
2015-06-02 21:26:27,215 [214501898@qtp-622596956-10] WARN  org.springframework.web.servlet.DispatcherServlet (DispatcherServlet.java:1110) - No mapping found for HTTP request with URI [/system-web/;jsessionid=1ebsli4p14vsm1kguxuc7r1x5massets/js/bootstrap-collapse.js] in DispatcherServlet with name 'dispatcher'
2015-06-02 21:26:27,227 [214501898@qtp-622596956-10] WARN  org.springframework.web.servlet.DispatcherServlet (DispatcherServlet.java:1110) - No mapping found for HTTP request with URI [/system-web/;jsessionid=1ebsli4p14vsm1kguxuc7r1x5massets/js/bootstrap-carousel.js] in DispatcherServlet with name 'dispatcher'
2015-06-02 21:26:27,238 [214501898@qtp-622596956-10] WARN  org.springframework.web.servlet.DispatcherServlet (DispatcherServlet.java:1110) - No mapping found for HTTP request with URI [/system-web/;jsessionid=1ebsli4p14vsm1kguxuc7r1x5massets/js/bootstrap-typeahead.js] in DispatcherServlet with name 'dispatcher'
2015-06-02 21:26:27,246 [214501898@qtp-622596956-10] WARN  org.springframework.web.servlet.DispatcherServlet (DispatcherServlet.java:1110) - No mapping found for HTTP request with URI [/system-web/;jsessionid=1ebsli4p14vsm1kguxuc7r1x5massets/js/bootstrap-affix.js] in DispatcherServlet with name 'dispatcher'
2015-06-02 21:26:27,259 [214501898@qtp-622596956-10] WARN  org.springframework.web.servlet.DispatcherServlet (DispatcherServlet.java:1110) - No mapping found for HTTP request with URI [/system-web/;jsessionid=1ebsli4p14vsm1kguxuc7r1x5massets/js/application.js] in DispatcherServlet with name 'dispatcher'
2015-06-02 21:26:27,267 [214501898@qtp-622596956-10] WARN  org.springframework.web.servlet.DispatcherServlet (DispatcherServlet.java:1110) - No mapping found for HTTP request with URI [/system-web/;jsessionid=1ebsli4p14vsm1kguxuc7r1x5massets/js/superfish.js] in DispatcherServlet with name 'dispatcher'
2015-06-02 21:26:27,274 [214501898@qtp-622596956-10] WARN  org.springframework.web.servlet.DispatcherServlet (DispatcherServlet.java:1110) - No mapping found for HTTP request with URI [/system-web/;jsessionid=1ebsli4p14vsm1kguxuc7r1x5massets/js/custom.js] in DispatcherServlet with name 'dispatcher'
2015-06-02 21:32:29,601 [2050443606@qtp-622596956-20] WARN  org.springframework.web.servlet.DispatcherServlet (DispatcherServlet.java:1110) - No mapping found for HTTP request with URI [/system-web/work/assets/css/prettyPhoto.css] in DispatcherServlet with name 'dispatcher'
2015-06-02 21:32:39,564 [158440795@qtp-622596956-19] WARN  org.springframework.web.servlet.DispatcherServlet (DispatcherServlet.java:1110) - No mapping found for HTTP request with URI [/system-web/work/assets/css/prettyPhoto.css] in DispatcherServlet with name 'dispatcher'
2015-06-02 21:32:56,208 [158440795@qtp-622596956-19] WARN  org.springframework.web.servlet.DispatcherServlet (DispatcherServlet.java:1110) - No mapping found for HTTP request with URI [/system-web/work/assets/css/prettyPhoto.css] in DispatcherServlet with name 'dispatcher'
2015-06-02 21:42:33,532 [2056844999@qtp-622596956-31] WARN  org.springframework.web.servlet.DispatcherServlet (DispatcherServlet.java:1110) - No mapping found for HTTP request with URI [/system-web/work/assets/img/Logodark.png] in DispatcherServlet with name 'dispatcher'
2015-06-02 21:42:33,534 [1126147568@qtp-622596956-30] WARN  org.springframework.web.servlet.DispatcherServlet (DispatcherServlet.java:1110) - No mapping found for HTTP request with URI [/system-web/work/assets/img/work8.jpg] in DispatcherServlet with name 'dispatcher'
2015-06-02 21:42:33,533 [1266683112@qtp-622596956-28] WARN  org.springframework.web.servlet.DispatcherServlet (DispatcherServlet.java:1110) - No mapping found for HTTP request with URI [/system-web/work/assets/img/work1.jpg] in DispatcherServlet with name 'dispatcher'
2015-06-02 21:44:13,948 [1126147568@qtp-622596956-30] WARN  org.springframework.web.servlet.DispatcherServlet (DispatcherServlet.java:1110) - No mapping found for HTTP request with URI [/system-web/work/assets/img/Logodark.png] in DispatcherServlet with name 'dispatcher'
2015-06-02 21:47:04,724 [1266683112@qtp-622596956-28] WARN  org.springframework.web.servlet.DispatcherServlet (DispatcherServlet.java:1110) - No mapping found for HTTP request with URI [/system-web/work/assets/img/Logodark.png] in DispatcherServlet with name 'dispatcher'
2015-06-02 21:47:07,146 [1266683112@qtp-622596956-28] WARN  org.springframework.web.servlet.DispatcherServlet (DispatcherServlet.java:1110) - No mapping found for HTTP request with URI [/system-web/work/work-details.html] in DispatcherServlet with name 'dispatcher'
2015-06-02 21:54:02,499 [112861921@qtp-622596956-3] WARN  org.springframework.web.servlet.DispatcherServlet (DispatcherServlet.java:1110) - No mapping found for HTTP request with URI [/system-web/work/assets/img/Logodark.png] in DispatcherServlet with name 'dispatcher'
2015-06-02 21:54:07,656 [112861921@qtp-622596956-3] WARN  org.springframework.web.servlet.DispatcherServlet (DispatcherServlet.java:1110) - No mapping found for HTTP request with URI [/system-web/work/assets/img/Logodark.png] in DispatcherServlet with name 'dispatcher'
2015-06-02 21:54:22,908 [112861921@qtp-622596956-3] WARN  org.springframework.web.servlet.DispatcherServlet (DispatcherServlet.java:1110) - No mapping found for HTTP request with URI [/system-web/work/assets/img/Logodark.png] in DispatcherServlet with name 'dispatcher'
2015-07-07 22:03:29,629 [1409968535@qtp-63557232-2] WARN  org.springframework.web.servlet.DispatcherServlet (DispatcherServlet.java:1110) - No mapping found for HTTP request with URI [/system-web/;jsessionid=6fsgo2126gxzkcsqq6hdzogcassets/css/bootstrap.css] in DispatcherServlet with name 'dispatcher'
2015-07-07 22:03:29,640 [930384804@qtp-63557232-3] WARN  org.springframework.web.servlet.DispatcherServlet (DispatcherServlet.java:1110) - No mapping found for HTTP request with URI [/system-web/;jsessionid=6fsgo2126gxzkcsqq6hdzogcassets/css/bootstrap-responsive.css] in DispatcherServlet with name 'dispatcher'
2015-07-07 22:03:29,666 [930384804@qtp-63557232-3] WARN  org.springframework.web.servlet.DispatcherServlet (DispatcherServlet.java:1110) - No mapping found for HTTP request with URI [/system-web/;jsessionid=6fsgo2126gxzkcsqq6hdzogcassets/css/docs.css] in DispatcherServlet with name 'dispatcher'
2015-07-07 22:03:29,670 [930384804@qtp-63557232-3] WARN  org.springframework.web.servlet.DispatcherServlet (DispatcherServlet.java:1110) - No mapping found for HTTP request with URI [/system-web/;jsessionid=6fsgo2126gxzkcsqq6hdzogcassets/css/prettyPhoto.css] in DispatcherServlet with name 'dispatcher'
2015-07-07 22:03:29,678 [930384804@qtp-63557232-3] WARN  org.springframework.web.servlet.DispatcherServlet (DispatcherServlet.java:1110) - No mapping found for HTTP request with URI [/system-web/;jsessionid=6fsgo2126gxzkcsqq6hdzogcassets/js/google-code-prettify/prettify.css] in DispatcherServlet with name 'dispatcher'
2015-07-07 22:03:29,693 [930384804@qtp-63557232-3] WARN  org.springframework.web.servlet.DispatcherServlet (DispatcherServlet.java:1110) - No mapping found for HTTP request with URI [/system-web/;jsessionid=6fsgo2126gxzkcsqq6hdzogcassets/img/home-banner-bg.jpg] in DispatcherServlet with name 'dispatcher'
2015-07-07 22:03:29,706 [930384804@qtp-63557232-3] WARN  org.springframework.web.servlet.DispatcherServlet (DispatcherServlet.java:1110) - No mapping found for HTTP request with URI [/system-web/;jsessionid=6fsgo2126gxzkcsqq6hdzogcassets/js/jquery.js] in DispatcherServlet with name 'dispatcher'
2015-07-07 22:03:29,716 [930384804@qtp-63557232-3] WARN  org.springframework.web.servlet.DispatcherServlet (DispatcherServlet.java:1110) - No mapping found for HTTP request with URI [/system-web/;jsessionid=6fsgo2126gxzkcsqq6hdzogcassets/js/google-code-prettify/prettify.js] in DispatcherServlet with name 'dispatcher'
2015-07-07 22:03:29,725 [930384804@qtp-63557232-3] WARN  org.springframework.web.servlet.DispatcherServlet (DispatcherServlet.java:1110) - No mapping found for HTTP request with URI [/system-web/;jsessionid=6fsgo2126gxzkcsqq6hdzogcassets/js/bootstrap-transition.js] in DispatcherServlet with name 'dispatcher'
2015-07-07 22:03:29,733 [930384804@qtp-63557232-3] WARN  org.springframework.web.servlet.DispatcherServlet (DispatcherServlet.java:1110) - No mapping found for HTTP request with URI [/system-web/;jsessionid=6fsgo2126gxzkcsqq6hdzogcassets/js/bootstrap-alert.js] in DispatcherServlet with name 'dispatcher'
2015-07-07 22:03:29,748 [930384804@qtp-63557232-3] WARN  org.springframework.web.servlet.DispatcherServlet (DispatcherServlet.java:1110) - No mapping found for HTTP request with URI [/system-web/;jsessionid=6fsgo2126gxzkcsqq6hdzogcassets/js/bootstrap-modal.js] in DispatcherServlet with name 'dispatcher'
2015-07-07 22:03:29,755 [930384804@qtp-63557232-3] WARN  org.springframework.web.servlet.DispatcherServlet (DispatcherServlet.java:1110) - No mapping found for HTTP request with URI [/system-web/;jsessionid=6fsgo2126gxzkcsqq6hdzogcassets/js/bootstrap-dropdown.js] in DispatcherServlet with name 'dispatcher'
2015-07-07 22:03:29,763 [930384804@qtp-63557232-3] WARN  org.springframework.web.servlet.DispatcherServlet (DispatcherServlet.java:1110) - No mapping found for HTTP request with URI [/system-web/;jsessionid=6fsgo2126gxzkcsqq6hdzogcassets/js/bootstrap-scrollspy.js] in DispatcherServlet with name 'dispatcher'
2015-07-07 22:03:29,772 [930384804@qtp-63557232-3] WARN  org.springframework.web.servlet.DispatcherServlet (DispatcherServlet.java:1110) - No mapping found for HTTP request with URI [/system-web/;jsessionid=6fsgo2126gxzkcsqq6hdzogcassets/js/bootstrap-tab.js] in DispatcherServlet with name 'dispatcher'
2015-07-07 22:03:29,780 [930384804@qtp-63557232-3] WARN  org.springframework.web.servlet.DispatcherServlet (DispatcherServlet.java:1110) - No mapping found for HTTP request with URI [/system-web/;jsessionid=6fsgo2126gxzkcsqq6hdzogcassets/js/bootstrap-tooltip.js] in DispatcherServlet with name 'dispatcher'
2015-07-07 22:03:29,788 [930384804@qtp-63557232-3] WARN  org.springframework.web.servlet.DispatcherServlet (DispatcherServlet.java:1110) - No mapping found for HTTP request with URI [/system-web/;jsessionid=6fsgo2126gxzkcsqq6hdzogcassets/js/bootstrap-popover.js] in DispatcherServlet with name 'dispatcher'
2015-07-07 22:03:29,796 [930384804@qtp-63557232-3] WARN  org.springframework.web.servlet.DispatcherServlet (DispatcherServlet.java:1110) - No mapping found for HTTP request with URI [/system-web/;jsessionid=6fsgo2126gxzkcsqq6hdzogcassets/js/bootstrap-button.js] in DispatcherServlet with name 'dispatcher'
2015-07-07 22:03:29,803 [930384804@qtp-63557232-3] WARN  org.springframework.web.servlet.DispatcherServlet (DispatcherServlet.java:1110) - No mapping found for HTTP request with URI [/system-web/;jsessionid=6fsgo2126gxzkcsqq6hdzogcassets/js/bootstrap-collapse.js] in DispatcherServlet with name 'dispatcher'
2015-07-07 22:03:29,811 [930384804@qtp-63557232-3] WARN  org.springframework.web.servlet.DispatcherServlet (DispatcherServlet.java:1110) - No mapping found for HTTP request with URI [/system-web/;jsessionid=6fsgo2126gxzkcsqq6hdzogcassets/js/bootstrap-carousel.js] in DispatcherServlet with name 'dispatcher'
2015-07-07 22:03:29,818 [930384804@qtp-63557232-3] WARN  org.springframework.web.servlet.DispatcherServlet (DispatcherServlet.java:1110) - No mapping found for HTTP request with URI [/system-web/;jsessionid=6fsgo2126gxzkcsqq6hdzogcassets/js/bootstrap-typeahead.js] in DispatcherServlet with name 'dispatcher'
2015-07-07 22:03:29,826 [930384804@qtp-63557232-3] WARN  org.springframework.web.servlet.DispatcherServlet (DispatcherServlet.java:1110) - No mapping found for HTTP request with URI [/system-web/;jsessionid=6fsgo2126gxzkcsqq6hdzogcassets/js/bootstrap-affix.js] in DispatcherServlet with name 'dispatcher'
2015-07-07 22:03:29,833 [930384804@qtp-63557232-3] WARN  org.springframework.web.servlet.DispatcherServlet (DispatcherServlet.java:1110) - No mapping found for HTTP request with URI [/system-web/;jsessionid=6fsgo2126gxzkcsqq6hdzogcassets/js/application.js] in DispatcherServlet with name 'dispatcher'
2015-07-07 22:03:29,841 [930384804@qtp-63557232-3] WARN  org.springframework.web.servlet.DispatcherServlet (DispatcherServlet.java:1110) - No mapping found for HTTP request with URI [/system-web/;jsessionid=6fsgo2126gxzkcsqq6hdzogcassets/js/jquery.isotope.min.js] in DispatcherServlet with name 'dispatcher'
2015-07-07 22:03:29,850 [930384804@qtp-63557232-3] WARN  org.springframework.web.servlet.DispatcherServlet (DispatcherServlet.java:1110) - No mapping found for HTTP request with URI [/system-web/;jsessionid=6fsgo2126gxzkcsqq6hdzogcassets/js/jquery.prettyPhoto.js] in DispatcherServlet with name 'dispatcher'
2015-07-07 22:03:29,862 [930384804@qtp-63557232-3] WARN  org.springframework.web.servlet.DispatcherServlet (DispatcherServlet.java:1110) - No mapping found for HTTP request with URI [/system-web/;jsessionid=6fsgo2126gxzkcsqq6hdzogcassets/js/superfish.js] in DispatcherServlet with name 'dispatcher'
2015-07-07 22:03:29,878 [930384804@qtp-63557232-3] WARN  org.springframework.web.servlet.DispatcherServlet (DispatcherServlet.java:1110) - No mapping found for HTTP request with URI [/system-web/;jsessionid=6fsgo2126gxzkcsqq6hdzogcassets/js/custom.js] in DispatcherServlet with name 'dispatcher'
2015-07-07 22:03:29,922 [930384804@qtp-63557232-3] WARN  org.springframework.web.servlet.DispatcherServlet (DispatcherServlet.java:1110) - No mapping found for HTTP request with URI [/system-web/;jsessionid=6fsgo2126gxzkcsqq6hdzogcassets/img/home-banner-bg2.jpg] in DispatcherServlet with name 'dispatcher'
2015-07-07 22:03:29,932 [930384804@qtp-63557232-3] WARN  org.springframework.web.servlet.DispatcherServlet (DispatcherServlet.java:1110) - No mapping found for HTTP request with URI [/system-web/;jsessionid=6fsgo2126gxzkcsqq6hdzogcassets/img/home-banner-bg3.jpg] in DispatcherServlet with name 'dispatcher'
2015-07-07 22:03:29,942 [930384804@qtp-63557232-3] WARN  org.springframework.web.servlet.DispatcherServlet (DispatcherServlet.java:1110) - No mapping found for HTTP request with URI [/system-web/;jsessionid=6fsgo2126gxzkcsqq6hdzogcassets/img/Logo.png] in DispatcherServlet with name 'dispatcher'
2015-07-07 22:03:30,064 [930384804@qtp-63557232-3] WARN  org.springframework.web.servlet.DispatcherServlet (DispatcherServlet.java:1110) - No mapping found for HTTP request with URI [/system-web/;jsessionid=6fsgo2126gxzkcsqq6hdzogcassets/ico/favicon.ico] in DispatcherServlet with name 'dispatcher'
2015-07-07 22:13:43,868 [1151748754@qtp-490497752-3] WARN  org.springframework.web.servlet.DispatcherServlet (DispatcherServlet.java:1110) - No mapping found for HTTP request with URI [/system-web/work.html] in DispatcherServlet with name 'dispatcher'
2015-07-07 22:13:49,116 [1151748754@qtp-490497752-3] WARN  org.springframework.web.servlet.DispatcherServlet (DispatcherServlet.java:1110) - No mapping found for HTTP request with URI [/system-web/pricing.html] in DispatcherServlet with name 'dispatcher'
2015-07-07 22:13:52,606 [1151748754@qtp-490497752-3] WARN  org.springframework.web.servlet.DispatcherServlet (DispatcherServlet.java:1110) - No mapping found for HTTP request with URI [/system-web/faq.html] in DispatcherServlet with name 'dispatcher'
2015-07-07 22:13:55,629 [1151748754@qtp-490497752-3] WARN  org.springframework.web.servlet.DispatcherServlet (DispatcherServlet.java:1110) - No mapping found for HTTP request with URI [/system-web/contact.html] in DispatcherServlet with name 'dispatcher'
2015-07-07 22:13:58,880 [1151748754@qtp-490497752-3] WARN  org.springframework.web.servlet.DispatcherServlet (DispatcherServlet.java:1110) - No mapping found for HTTP request with URI [/system-web/blog.html] in DispatcherServlet with name 'dispatcher'
2015-07-07 22:14:02,240 [1151748754@qtp-490497752-3] WARN  org.springframework.web.servlet.DispatcherServlet (DispatcherServlet.java:1110) - No mapping found for HTTP request with URI [/system-web/blog-single.html] in DispatcherServlet with name 'dispatcher'
2015-07-07 22:14:05,716 [1151748754@qtp-490497752-3] WARN  org.springframework.web.servlet.DispatcherServlet (DispatcherServlet.java:1110) - No mapping found for HTTP request with URI [/system-web/work/assets/img/Logodark.png] in DispatcherServlet with name 'dispatcher'
2015-07-07 23:06:40,976 [1067102222@qtp-622596956-0] WARN  org.hibernate.dialect.Oracle9Dialect (Oracle9Dialect.java:69) - HHH000063: The Oracle9Dialect dialect has been deprecated; use either Oracle9iDialect or Oracle10gDialect instead
2015-07-07 23:06:40,981 [1067102222@qtp-622596956-0] WARN  org.hibernate.dialect.OracleDialect (OracleDialect.java:55) - HHH000064: The OracleDialect dialect has been deprecated; use Oracle8iDialect instead
2015-07-07 23:06:41,038 [1067102222@qtp-622596956-0] WARN  org.hibernate.cfg.SettingsFactory (SettingsFactory.java:367) - Unrecognized value for "hibernate.hbm2ddl.auto": none
2015-07-07 23:06:41,486 [1067102222@qtp-622596956-0] WARN  org.springframework.web.servlet.DispatcherServlet (DispatcherServlet.java:1110) - No mapping found for HTTP request with URI [/system-web/work/assets/img/Logodark.png] in DispatcherServlet with name 'dispatcher'
